Determining if the instruction set SSE2 exists passed with the following output:
Change Dir: '/home/hmj/P2FRLPSI/DPFPSI-main/DPFPSI/build/CMakeFiles/CMakeTmp'

Run Build Command(s): /usr/bin/cmake -E env VERBOSE=1 /usr/bin/gmake -f Makefile cmTC_736e0/fast
/usr/bin/gmake  -f CMakeFiles/cmTC_736e0.dir/build.make CMakeFiles/cmTC_736e0.dir/build
gmake[1]: 进入目录“/home/hmj/P2FRLPSI/DPFPSI-main/DPFPSI/build/CMakeFiles/CMakeTmp”
Building C object CMakeFiles/cmTC_736e0.dir/check-simd.c.o
/usr/bin/cc   -DSSE2 -mavx2 -fPIE -o CMakeFiles/cmTC_736e0.dir/check-simd.c.o -c /home/hmj/P2FRLPSI/DPFPSI-main/DPFPSI/mobile_psi_cpp/droidCrypto/lowmc/cmake/check-simd.c
Linking C executable cmTC_736e0
/usr/bin/cmake -E cmake_link_script CMakeFiles/cmTC_736e0.dir/link.txt --verbose=1
/usr/bin/cc  -DSSE2 -mavx2 -rdynamic "CMakeFiles/cmTC_736e0.dir/check-simd.c.o" -o cmTC_736e0 
gmake[1]: 离开目录“/home/hmj/P2FRLPSI/DPFPSI-main/DPFPSI/build/CMakeFiles/CMakeTmp”



Determining if the instruction set AVX2 exists passed with the following output:
Change Dir: '/home/hmj/P2FRLPSI/DPFPSI-main/DPFPSI/build/CMakeFiles/CMakeTmp'

Run Build Command(s): /usr/bin/cmake -E env VERBOSE=1 /usr/bin/gmake -f Makefile cmTC_08bdc/fast
/usr/bin/gmake  -f CMakeFiles/cmTC_08bdc.dir/build.make CMakeFiles/cmTC_08bdc.dir/build
gmake[1]: 进入目录“/home/hmj/P2FRLPSI/DPFPSI-main/DPFPSI/build/CMakeFiles/CMakeTmp”
Building C object CMakeFiles/cmTC_08bdc.dir/check-simd.c.o
/usr/bin/cc   -DAVX2 -mavx2 -fPIE -o CMakeFiles/cmTC_08bdc.dir/check-simd.c.o -c /home/hmj/P2FRLPSI/DPFPSI-main/DPFPSI/mobile_psi_cpp/droidCrypto/lowmc/cmake/check-simd.c
Linking C executable cmTC_08bdc
/usr/bin/cmake -E cmake_link_script CMakeFiles/cmTC_08bdc.dir/link.txt --verbose=1
/usr/bin/cc  -DAVX2 -mavx2 -rdynamic "CMakeFiles/cmTC_08bdc.dir/check-simd.c.o" -o cmTC_08bdc 
gmake[1]: 离开目录“/home/hmj/P2FRLPSI/DPFPSI-main/DPFPSI/build/CMakeFiles/CMakeTmp”



